{"/home/runner/work/pdf-viewer/pdf-viewer/src/hooks/useLocalStorage.ts": {"path":"/home/runner/work/pdf-viewer/pdf-viewer/src/hooks/useLocalStorage.ts","statementMap":{"0":{"start":{"line":16,"column":28},"end":{"line":24,"column":null}},"1":{"start":{"line":17,"column":4},"end":{"line":23,"column":null}},"2":{"start":{"line":18,"column":19},"end":{"line":18,"column":null}},"3":{"start":{"line":19,"column":6},"end":{"line":19,"column":null}},"4":{"start":{"line":21,"column":6},"end":{"line":21,"column":null}},"5":{"start":{"line":22,"column":6},"end":{"line":22,"column":null}},"6":{"start":{"line":27,"column":2},"end":{"line":33,"column":null}},"7":{"start":{"line":28,"column":4},"end":{"line":32,"column":null}},"8":{"start":{"line":29,"column":6},"end":{"line":29,"column":null}},"9":{"start":{"line":31,"column":6},"end":{"line":31,"column":null}},"10":{"start":{"line":36,"column":25},"end":{"line":41,"column":null}},"11":{"start":{"line":37,"column":4},"end":{"line":40,"column":null}},"12":{"start":{"line":38,"column":27},"end":{"line":38,"column":null}},"13":{"start":{"line":39,"column":6},"end":{"line":39,"column":null}},"14":{"start":{"line":44,"column":22},"end":{"line":51,"column":null}},"15":{"start":{"line":45,"column":4},"end":{"line":50,"column":null}},"16":{"start":{"line":46,"column":6},"end":{"line":46,"column":null}},"17":{"start":{"line":47,"column":6},"end":{"line":47,"column":null}},"18":{"start":{"line":49,"column":6},"end":{"line":49,"column":null}},"19":{"start":{"line":53,"column":2},"end":{"line":53,"column":null}}},"fnMap":{"0":{"name":"useLocalStorage","decl":{"start":{"line":11,"column":16},"end":{"line":11,"column":null}},"loc":{"start":{"line":13,"column":17},"end":{"line":54,"column":null}}},"1":{"name":"(anonymous_1)","decl":{"start":{"line":16,"column":40},"end":{"line":16,"column":null}},"loc":{"start":{"line":16,"column":40},"end":{"line":24,"column":null}}},"2":{"name":"(anonymous_2)","decl":{"start":{"line":27,"column":12},"end":{"line":27,"column":null}},"loc":{"start":{"line":27,"column":12},"end":{"line":33,"column":5}}},"3":{"name":"(anonymous_3)","decl":{"start":{"line":36,"column":37},"end":{"line":36,"column":38}},"loc":{"start":{"line":36,"column":38},"end":{"line":41,"column":5}}},"4":{"name":"(anonymous_4)","decl":{"start":{"line":37,"column":13},"end":{"line":37,"column":14}},"loc":{"start":{"line":37,"column":14},"end":{"line":40,"column":null}}},"5":{"name":"(anonymous_5)","decl":{"start":{"line":44,"column":34},"end":{"line":44,"column":null}},"loc":{"start":{"line":44,"column":34},"end":{"line":51,"column":5}}}},"branchMap":{"0":{"loc":{"start":{"line":19,"column":13},"end":{"line":19,"column":null}},"type":"cond-expr","locations":[{"start":{"line":19,"column":20},"end":{"line":19,"column":39}},{"start":{"line":19,"column":39},"end":{"line":19,"column":null}}]},"1":{"loc":{"start":{"line":38,"column":27},"end":{"line":38,"column":null}},"type":"cond-expr","locations":[{"start":{"line":38,"column":58},"end":{"line":38,"column":83}},{"start":{"line":38,"column":83},"end":{"line":38,"column":null}}]}},"s":{"0":12,"1":6,"2":6,"3":6,"4":0,"5":0,"6":12,"7":12,"8":12,"9":0,"10":12,"11":5,"12":5,"13":5,"14":12,"15":1,"16":1,"17":1,"18":0,"19":12},"f":{"0":12,"1":6,"2":12,"3":5,"4":5,"5":1},"b":{"0":[0,6],"1":[2,3]}}
,"/home/runner/work/pdf-viewer/pdf-viewer/src/services/signature.service.ts": {"path":"/home/runner/work/pdf-viewer/pdf-viewer/src/services/signature.service.ts","statementMap":{"0":{"start":{"line":10,"column":23},"end":{"line":10,"column":null}},"1":{"start":{"line":16,"column":4},"end":{"line":23,"column":null}},"2":{"start":{"line":17,"column":19},"end":{"line":17,"column":null}},"3":{"start":{"line":18,"column":25},"end":{"line":18,"column":53}},"4":{"start":{"line":19,"column":6},"end":{"line":19,"column":null}},"5":{"start":{"line":21,"column":6},"end":{"line":21,"column":null}},"6":{"start":{"line":22,"column":6},"end":{"line":22,"column":null}},"7":{"start":{"line":27,"column":23},"end":{"line":27,"column":null}},"8":{"start":{"line":29,"column":4},"end":{"line":31,"column":null}},"9":{"start":{"line":30,"column":6},"end":{"line":30,"column":null}},"10":{"start":{"line":33,"column":41},"end":{"line":37,"column":null}},"11":{"start":{"line":39,"column":4},"end":{"line":39,"column":null}},"12":{"start":{"line":40,"column":4},"end":{"line":40,"column":null}},"13":{"start":{"line":42,"column":4},"end":{"line":42,"column":null}},"14":{"start":{"line":46,"column":23},"end":{"line":46,"column":null}},"15":{"start":{"line":47,"column":21},"end":{"line":47,"column":null}},"16":{"start":{"line":47,"column":46},"end":{"line":47,"column":null}},"17":{"start":{"line":48,"column":4},"end":{"line":48,"column":null}},"18":{"start":{"line":52,"column":23},"end":{"line":52,"column":null}},"19":{"start":{"line":53,"column":18},"end":{"line":53,"column":null}},"20":{"start":{"line":53,"column":46},"end":{"line":53,"column":null}},"21":{"start":{"line":55,"column":4},"end":{"line":58,"column":null}},"22":{"start":{"line":56,"column":6},"end":{"line":56,"column":null}},"23":{"start":{"line":57,"column":6},"end":{"line":57,"column":null}},"24":{"start":{"line":62,"column":4},"end":{"line":62,"column":null}},"25":{"start":{"line":66,"column":4},"end":{"line":66,"column":null}},"26":{"start":{"line":70,"column":4},"end":{"line":70,"column":null}},"27":{"start":{"line":74,"column":23},"end":{"line":74,"column":null}},"28":{"start":{"line":75,"column":20},"end":{"line":75,"column":null}},"29":{"start":{"line":77,"column":4},"end":{"line":79,"column":null}},"30":{"start":{"line":78,"column":6},"end":{"line":78,"column":null}},"31":{"start":{"line":81,"column":22},"end":{"line":81,"column":null}},"32":{"start":{"line":82,"column":4},"end":{"line":84,"column":null}},"33":{"start":{"line":83,"column":6},"end":{"line":83,"column":null}},"34":{"start":{"line":86,"column":19},"end":{"line":86,"column":null}},"35":{"start":{"line":88,"column":4},"end":{"line":90,"column":null}},"36":{"start":{"line":89,"column":6},"end":{"line":89,"column":null}},"37":{"start":{"line":92,"column":20},"end":{"line":92,"column":null}},"38":{"start":{"line":93,"column":4},"end":{"line":93,"column":null}},"39":{"start":{"line":94,"column":4},"end":{"line":94,"column":null}},"40":{"start":{"line":96,"column":4},"end":{"line":105,"column":null}},"41":{"start":{"line":108,"column":4},"end":{"line":112,"column":null}},"42":{"start":{"line":116,"column":36},"end":{"line":116,"column":null}},"43":{"start":{"line":117,"column":15},"end":{"line":117,"column":null}},"44":{"start":{"line":118,"column":15},"end":{"line":118,"column":null}},"45":{"start":{"line":119,"column":15},"end":{"line":119,"column":null}},"46":{"start":{"line":120,"column":15},"end":{"line":120,"column":null}},"47":{"start":{"line":121,"column":21},"end":{"line":121,"column":null}},"48":{"start":{"line":123,"column":4},"end":{"line":134,"column":null}},"49":{"start":{"line":123,"column":17},"end":{"line":123,"column":20}},"50":{"start":{"line":124,"column":6},"end":{"line":133,"column":null}},"51":{"start":{"line":124,"column":19},"end":{"line":124,"column":22}},"52":{"start":{"line":125,"column":22},"end":{"line":125,"column":51}},"53":{"start":{"line":126,"column":8},"end":{"line":132,"column":null}},"54":{"start":{"line":127,"column":10},"end":{"line":127,"column":null}},"55":{"start":{"line":128,"column":10},"end":{"line":128,"column":null}},"56":{"start":{"line":129,"column":10},"end":{"line":129,"column":null}},"57":{"start":{"line":130,"column":10},"end":{"line":130,"column":null}},"58":{"start":{"line":131,"column":10},"end":{"line":131,"column":null}},"59":{"start":{"line":136,"column":4},"end":{"line":138,"column":null}},"60":{"start":{"line":137,"column":6},"end":{"line":137,"column":null}},"61":{"start":{"line":140,"column":4},"end":{"line":145,"column":null}},"62":{"start":{"line":149,"column":4},"end":{"line":197,"column":null}},"63":{"start":{"line":150,"column":21},"end":{"line":150,"column":null}},"64":{"start":{"line":152,"column":6},"end":{"line":190,"column":null}},"65":{"start":{"line":153,"column":20},"end":{"line":153,"column":null}},"66":{"start":{"line":155,"column":8},"end":{"line":183,"column":null}},"67":{"start":{"line":156,"column":27},"end":{"line":156,"column":null}},"68":{"start":{"line":157,"column":28},"end":{"line":157,"column":null}},"69":{"start":{"line":158,"column":34},"end":{"line":158,"column":null}},"70":{"start":{"line":160,"column":10},"end":{"line":164,"column":null}},"71":{"start":{"line":161,"column":26},"end":{"line":161,"column":null}},"72":{"start":{"line":162,"column":12},"end":{"line":162,"column":null}},"73":{"start":{"line":163,"column":12},"end":{"line":163,"column":null}},"74":{"start":{"line":166,"column":25},"end":{"line":166,"column":null}},"75":{"start":{"line":167,"column":10},"end":{"line":167,"column":null}},"76":{"start":{"line":168,"column":10},"end":{"line":168,"column":null}},"77":{"start":{"line":170,"column":22},"end":{"line":170,"column":null}},"78":{"start":{"line":171,"column":10},"end":{"line":174,"column":null}},"79":{"start":{"line":172,"column":12},"end":{"line":172,"column":null}},"80":{"start":{"line":173,"column":12},"end":{"line":173,"column":null}},"81":{"start":{"line":176,"column":10},"end":{"line":176,"column":null}},"82":{"start":{"line":178,"column":10},"end":{"line":182,"column":null}},"83":{"start":{"line":185,"column":8},"end":{"line":187,"column":null}},"84":{"start":{"line":186,"column":10},"end":{"line":186,"column":null}},"85":{"start":{"line":189,"column":8},"end":{"line":189,"column":null}},"86":{"start":{"line":192,"column":6},"end":{"line":194,"column":null}},"87":{"start":{"line":193,"column":8},"end":{"line":193,"column":null}},"88":{"start":{"line":196,"column":6},"end":{"line":196,"column":null}},"89":{"start":{"line":13,"column":2},"end":{"line":13,"column":null}},"90":{"start":{"line":201,"column":32},"end":{"line":201,"column":54}}},"fnMap":{"0":{"name":"(anonymous_1)","decl":{"start":{"line":15,"column":2},"end":{"line":15,"column":8}},"loc":{"start":{"line":15,"column":52},"end":{"line":24,"column":null}}},"1":{"name":"(anonymous_2)","decl":{"start":{"line":26,"column":2},"end":{"line":26,"column":8}},"loc":{"start":{"line":26,"column":100},"end":{"line":43,"column":null}}},"2":{"name":"(anonymous_3)","decl":{"start":{"line":45,"column":2},"end":{"line":45,"column":8}},"loc":{"start":{"line":45,"column":51},"end":{"line":49,"column":null}}},"3":{"name":"(anonymous_4)","decl":{"start":{"line":47,"column":39},"end":{"line":47,"column":46}},"loc":{"start":{"line":47,"column":46},"end":{"line":47,"column":null}}},"4":{"name":"(anonymous_5)","decl":{"start":{"line":51,"column":2},"end":{"line":51,"column":8}},"loc":{"start":{"line":51,"column":99},"end":{"line":59,"column":null}}},"5":{"name":"(anonymous_6)","decl":{"start":{"line":53,"column":39},"end":{"line":53,"column":46}},"loc":{"start":{"line":53,"column":46},"end":{"line":53,"column":null}}},"6":{"name":"(anonymous_7)","decl":{"start":{"line":61,"column":2},"end":{"line":61,"column":8}},"loc":{"start":{"line":61,"column":44},"end":{"line":63,"column":null}}},"7":{"name":"(anonymous_8)","decl":{"start":{"line":65,"column":2},"end":{"line":65,"column":13}},"loc":{"start":{"line":65,"column":44},"end":{"line":67,"column":null}}},"8":{"name":"(anonymous_9)","decl":{"start":{"line":69,"column":2},"end":{"line":69,"column":29}},"loc":{"start":{"line":69,"column":29},"end":{"line":71,"column":null}}},"9":{"name":"(anonymous_10)","decl":{"start":{"line":73,"column":2},"end":{"line":73,"column":23}},"loc":{"start":{"line":73,"column":104},"end":{"line":113,"column":null}}},"10":{"name":"(anonymous_11)","decl":{"start":{"line":115,"column":10},"end":{"line":115,"column":29}},"loc":{"start":{"line":115,"column":115},"end":{"line":146,"column":null}}},"11":{"name":"(anonymous_12)","decl":{"start":{"line":148,"column":2},"end":{"line":148,"column":8}},"loc":{"start":{"line":148,"column":101},"end":{"line":198,"column":null}}},"12":{"name":"(anonymous_13)","decl":{"start":{"line":149,"column":23},"end":{"line":149,"column":24}},"loc":{"start":{"line":149,"column":33},"end":{"line":197,"column":null}}},"13":{"name":"(anonymous_14)","decl":{"start":{"line":152,"column":22},"end":{"line":152,"column":23}},"loc":{"start":{"line":152,"column":23},"end":{"line":190,"column":null}}},"14":{"name":"(anonymous_15)","decl":{"start":{"line":155,"column":21},"end":{"line":155,"column":null}},"loc":{"start":{"line":155,"column":21},"end":{"line":183,"column":null}}},"15":{"name":"(anonymous_16)","decl":{"start":{"line":185,"column":22},"end":{"line":185,"column":null}},"loc":{"start":{"line":185,"column":22},"end":{"line":187,"column":null}}},"16":{"name":"(anonymous_17)","decl":{"start":{"line":192,"column":23},"end":{"line":192,"column":null}},"loc":{"start":{"line":192,"column":23},"end":{"line":194,"column":null}}}},"branchMap":{"0":{"loc":{"start":{"line":18,"column":25},"end":{"line":18,"column":53}},"type":"cond-expr","locations":[{"start":{"line":18,"column":32},"end":{"line":18,"column":51}},{"start":{"line":18,"column":51},"end":{"line":18,"column":53}}]},"1":{"loc":{"start":{"line":19,"column":13},"end":{"line":19,"column":29}},"type":"binary-expr","locations":[{"start":{"line":19,"column":13},"end":{"line":19,"column":27}},{"start":{"line":19,"column":27},"end":{"line":19,"column":29}}]},"2":{"loc":{"start":{"line":29,"column":4},"end":{"line":31,"column":null}},"type":"if","locations":[{"start":{"line":29,"column":4},"end":{"line":31,"column":null}},{"start":{},"end":{}}]},"3":{"loc":{"start":{"line":55,"column":4},"end":{"line":58,"column":null}},"type":"if","locations":[{"start":{"line":55,"column":4},"end":{"line":58,"column":null}},{"start":{},"end":{}}]},"4":{"loc":{"start":{"line":77,"column":4},"end":{"line":79,"column":null}},"type":"if","locations":[{"start":{"line":77,"column":4},"end":{"line":79,"column":null}},{"start":{},"end":{}}]},"5":{"loc":{"start":{"line":82,"column":4},"end":{"line":84,"column":null}},"type":"if","locations":[{"start":{"line":82,"column":4},"end":{"line":84,"column":null}},{"start":{},"end":{}}]},"6":{"loc":{"start":{"line":88,"column":4},"end":{"line":90,"column":null}},"type":"if","locations":[{"start":{"line":88,"column":4},"end":{"line":90,"column":null}},{"start":{},"end":{}}]},"7":{"loc":{"start":{"line":126,"column":8},"end":{"line":132,"column":null}},"type":"if","locations":[{"start":{"line":126,"column":8},"end":{"line":132,"column":null}},{"start":{},"end":{}}]},"8":{"loc":{"start":{"line":136,"column":4},"end":{"line":138,"column":null}},"type":"if","locations":[{"start":{"line":136,"column":4},"end":{"line":138,"column":null}},{"start":{},"end":{}}]},"9":{"loc":{"start":{"line":160,"column":10},"end":{"line":164,"column":null}},"type":"if","locations":[{"start":{"line":160,"column":10},"end":{"line":164,"column":null}},{"start":{},"end":{}}]},"10":{"loc":{"start":{"line":160,"column":14},"end":{"line":160,"column":54}},"type":"binary-expr","locations":[{"start":{"line":160,"column":14},"end":{"line":160,"column":34}},{"start":{"line":160,"column":34},"end":{"line":160,"column":54}}]},"11":{"loc":{"start":{"line":171,"column":10},"end":{"line":174,"column":null}},"type":"if","locations":[{"start":{"line":171,"column":10},"end":{"line":174,"column":null}},{"start":{},"end":{}}]}},"s":{"0":1,"1":18,"2":18,"3":18,"4":18,"5":0,"6":0,"7":10,"8":10,"9":1,"10":9,"11":9,"12":9,"13":9,"14":1,"15":1,"16":1,"17":1,"18":1,"19":1,"20":1,"21":1,"22":1,"23":1,"24":1,"25":4,"26":1,"27":1,"28":1,"29":1,"30":1,"31":0,"32":0,"33":0,"34":0,"35":0,"36":0,"37":0,"38":0,"39":0,"40":0,"41":0,"42":0,"43":0,"44":0,"45":0,"46":0,"47":0,"48":0,"49":0,"50":0,"51":0,"52":0,"53":0,"54":0,"55":0,"56":0,"57":0,"58":0,"59":0,"60":0,"61":0,"62":0,"63":0,"64":0,"65":0,"66":0,"67":0,"68":0,"69":0,"70":0,"71":0,"72":0,"73":0,"74":0,"75":0,"76":0,"77":0,"78":0,"79":0,"80":0,"81":0,"82":0,"83":0,"84":0,"85":0,"86":0,"87":0,"88":0,"89":1,"90":1},"f":{"0":18,"1":10,"2":1,"3":1,"4":1,"5":1,"6":1,"7":4,"8":1,"9":1,"10":0,"11":0,"12":0,"13":0,"14":0,"15":0,"16":0},"b":{"0":[11,7],"1":[18,0],"2":[1,9],"3":[1,0],"4":[1,0],"5":[0,0],"6":[0,0],"7":[0,0],"8":[0,0],"9":[0,0],"10":[0,0],"11":[0,0]}}
}
