TN:
SF:src/hooks/useLocalStorage.ts
FN:11,useLocalStorage
FN:16,(anonymous_1)
FN:27,(anonymous_2)
FN:36,(anonymous_3)
FN:37,(anonymous_4)
FN:44,(anonymous_5)
FNF:6
FNH:6
FNDA:12,useLocalStorage
FNDA:6,(anonymous_1)
FNDA:12,(anonymous_2)
FNDA:5,(anonymous_3)
FNDA:5,(anonymous_4)
FNDA:1,(anonymous_5)
DA:16,12
DA:17,6
DA:18,6
DA:19,6
DA:21,0
DA:22,0
DA:27,12
DA:28,12
DA:29,12
DA:31,0
DA:36,12
DA:37,5
DA:38,5
DA:39,5
DA:44,12
DA:45,1
DA:46,1
DA:47,1
DA:49,0
DA:53,12
LF:20
LH:16
BRDA:19,0,0,0
BRDA:19,0,1,6
BRDA:38,1,0,2
BRDA:38,1,1,3
BRF:4
BRH:3
end_of_record
TN:
SF:src/services/signature.service.ts
FN:15,(anonymous_1)
FN:26,(anonymous_2)
FN:45,(anonymous_3)
FN:47,(anonymous_4)
FN:51,(anonymous_5)
FN:53,(anonymous_6)
FN:61,(anonymous_7)
FN:65,(anonymous_8)
FN:69,(anonymous_9)
FN:73,(anonymous_10)
FN:115,(anonymous_11)
FN:148,(anonymous_12)
FN:149,(anonymous_13)
FN:152,(anonymous_14)
FN:155,(anonymous_15)
FN:185,(anonymous_16)
FN:192,(anonymous_17)
FNF:17
FNH:10
FNDA:18,(anonymous_1)
FNDA:10,(anonymous_2)
FNDA:1,(anonymous_3)
FNDA:1,(anonymous_4)
FNDA:1,(anonymous_5)
FNDA:1,(anonymous_6)
FNDA:1,(anonymous_7)
FNDA:4,(anonymous_8)
FNDA:1,(anonymous_9)
FNDA:1,(anonymous_10)
FNDA:0,(anonymous_11)
FNDA:0,(anonymous_12)
FNDA:0,(anonymous_13)
FNDA:0,(anonymous_14)
FNDA:0,(anonymous_15)
FNDA:0,(anonymous_16)
FNDA:0,(anonymous_17)
DA:10,1
DA:13,1
DA:16,18
DA:17,18
DA:18,18
DA:19,18
DA:21,0
DA:22,0
DA:27,10
DA:29,10
DA:30,1
DA:33,9
DA:39,9
DA:40,9
DA:42,9
DA:46,1
DA:47,1
DA:48,1
DA:52,1
DA:53,1
DA:55,1
DA:56,1
DA:57,1
DA:62,1
DA:66,4
DA:70,1
DA:74,1
DA:75,1
DA:77,1
DA:78,1
DA:81,0
DA:82,0
DA:83,0
DA:86,0
DA:88,0
DA:89,0
DA:92,0
DA:93,0
DA:94,0
DA:96,0
DA:108,0
DA:116,0
DA:117,0
DA:118,0
DA:119,0
DA:120,0
DA:121,0
DA:123,0
DA:124,0
DA:125,0
DA:126,0
DA:127,0
DA:128,0
DA:129,0
DA:130,0
DA:131,0
DA:136,0
DA:137,0
DA:140,0
DA:149,0
DA:150,0
DA:152,0
DA:153,0
DA:155,0
DA:156,0
DA:157,0
DA:158,0
DA:160,0
DA:161,0
DA:162,0
DA:163,0
DA:166,0
DA:167,0
DA:168,0
DA:170,0
DA:171,0
DA:172,0
DA:173,0
DA:176,0
DA:178,0
DA:185,0
DA:186,0
DA:189,0
DA:192,0
DA:193,0
DA:196,0
DA:201,1
LF:87
LH:29
BRDA:18,0,0,11
BRDA:18,0,1,7
BRDA:19,1,0,18
BRDA:19,1,1,0
BRDA:29,2,0,1
BRDA:29,2,1,9
BRDA:55,3,0,1
BRDA:55,3,1,0
BRDA:77,4,0,1
BRDA:77,4,1,0
BRDA:82,5,0,0
BRDA:82,5,1,0
BRDA:88,6,0,0
BRDA:88,6,1,0
BRDA:126,7,0,0
BRDA:126,7,1,0
BRDA:136,8,0,0
BRDA:136,8,1,0
BRDA:160,9,0,0
BRDA:160,9,1,0
BRDA:160,10,0,0
BRDA:160,10,1,0
BRDA:171,11,0,0
BRDA:171,11,1,0
BRF:24
BRH:7
end_of_record
